

================================================================
== Vivado HLS Report for 'acorn128_enc_onebyte'
================================================================
* Date:           Mon May 13 02:31:05 2019

* Version:        2014.4 (Build 1071461 on Tue Nov 18 16:42:57 PM 2014)
* Project:        soc_proj_hls_deneme_1
* Solution:       solution1
* Product family: zynq
* Target device:  xc7z020clg484-1


================================================================
== Performance Estimates
================================================================
+ Timing (ns): 
    * Summary: 
    +---------+-------+----------+------------+
    |  Clock  | Target| Estimated| Uncertainty|
    +---------+-------+----------+------------+
    |default  |  10.00|      8.22|        1.25|
    +---------+-------+----------+------------+

+ Latency (clock cycles): 
    * Summary: 
    +------+------+------+------+---------+
    |   Latency   |   Interval  | Pipeline|
    |  min |  max |  min |  max |   Type  |
    +------+------+------+------+---------+
    |  4855|  4855|  4856|  4856|   none  |
    +------+------+------+------+---------+

    + Detail: 
        * Instance: 
        +------------------------------------------------------------+--------------------------------------------------+-----+-----+-----+-----+---------+
        |                                                            |                                                  |  Latency  |  Interval | Pipeline|
        |                          Instance                          |                      Module                      | min | max | min | max |   Type  |
        +------------------------------------------------------------+--------------------------------------------------+-----+-----+-----+-----+---------+
        |grp_acorn128_enc_onebyte_Encrypt_StateUpdate128_1bit_fu_73  |acorn128_enc_onebyte_Encrypt_StateUpdate128_1bit  |  605|  605|  605|  605|   none  |
        +------------------------------------------------------------+--------------------------------------------------+-----+-----+-----+-----+---------+

        * Loop: 
        N/A



================================================================
== Utilization Estimates
================================================================
* Summary: 
+-----------------+---------+-------+--------+-------+
|       Name      | BRAM_18K| DSP48E|   FF   |  LUT  |
+-----------------+---------+-------+--------+-------+
|Expression       |        -|      -|       -|      -|
|FIFO             |        -|      -|       -|      -|
|Instance         |        2|      -|     380|    543|
|Memory           |        -|      -|       -|      -|
|Multiplexer      |        -|      -|       -|     29|
|Register         |        -|      -|      41|      -|
+-----------------+---------+-------+--------+-------+
|Total            |        2|      0|     421|    572|
+-----------------+---------+-------+--------+-------+
|Available        |      280|    220|  106400|  53200|
+-----------------+---------+-------+--------+-------+
|Utilization (%)  |    ~0   |      0|   ~0   |      1|
+-----------------+---------+-------+--------+-------+

+ Detail: 
    * Instance: 
    +------------------------------------------------------------+--------------------------------------------------+---------+-------+-----+-----+
    |                          Instance                          |                      Module                      | BRAM_18K| DSP48E|  FF | LUT |
    +------------------------------------------------------------+--------------------------------------------------+---------+-------+-----+-----+
    |acorn128_enc_onebyte_AXILiteS_s_axi_U                       |acorn128_enc_onebyte_AXILiteS_s_axi               |        2|      0|  218|  254|
    |grp_acorn128_enc_onebyte_Encrypt_StateUpdate128_1bit_fu_73  |acorn128_enc_onebyte_Encrypt_StateUpdate128_1bit  |        0|      0|  162|  289|
    +------------------------------------------------------------+--------------------------------------------------+---------+-------+-----+-----+
    |Total                                                       |                                                  |        2|      0|  380|  543|
    +------------------------------------------------------------+--------------------------------------------------+---------+-------+-----+-----+

    * Memory: 
    N/A

    * FIFO: 
    N/A

    * Expression: 
    N/A

    * Multiplexer: 
    +-------------------------------------------------------------------------+----+-----------+-----+-----------+
    |                                   Name                                  | LUT| Input Size| Bits| Total Bits|
    +-------------------------------------------------------------------------+----+-----------+-----+-----------+
    |ap_NS_fsm                                                                |  15|         17|    1|         17|
    |grp_acorn128_enc_onebyte_Encrypt_StateUpdate128_1bit_fu_73_ca            |   4|          9|    1|          9|
    |grp_acorn128_enc_onebyte_Encrypt_StateUpdate128_1bit_fu_73_cb            |   4|          9|    1|          9|
    |grp_acorn128_enc_onebyte_Encrypt_StateUpdate128_1bit_fu_73_plaintextbit  |   4|          9|    1|          9|
    |state_ce0                                                                |   1|          2|    1|          2|
    |state_we0                                                                |   1|          2|    1|          2|
    +-------------------------------------------------------------------------+----+-----------+-----+-----------+
    |Total                                                                    |  29|         48|    6|         48|
    +-------------------------------------------------------------------------+----+-----------+-----+-----------+

    * Register: 
    +----------------------------------------------------------------------------------+----+----+-----+-----------+
    |                                       Name                                       | FF | LUT| Bits| Const Bits|
    +----------------------------------------------------------------------------------+----+----+-----+-----------+
    |ap_CS_fsm                                                                         |  16|   0|   16|          0|
    |grp_acorn128_enc_onebyte_Encrypt_StateUpdate128_1bit_fu_73_ap_start_ap_start_reg  |   1|   0|    1|          0|
    |tmp_10_reg_315                                                                    |   1|   0|    1|          0|
    |tmp_11_reg_320                                                                    |   1|   0|    1|          0|
    |tmp_12_reg_325                                                                    |   1|   0|    1|          0|
    |tmp_13_reg_330                                                                    |   1|   0|    1|          0|
    |tmp_14_reg_335                                                                    |   1|   0|    1|          0|
    |tmp_15_reg_340                                                                    |   1|   0|    1|          0|
    |tmp_16_reg_345                                                                    |   1|   0|    1|          0|
    |tmp_17_reg_350                                                                    |   1|   0|    1|          0|
    |tmp_18_reg_355                                                                    |   1|   0|    1|          0|
    |tmp_19_reg_360                                                                    |   1|   0|    1|          0|
    |tmp_1_reg_270                                                                     |   1|   0|    1|          0|
    |tmp_20_reg_365                                                                    |   1|   0|    1|          0|
    |tmp_21_reg_370                                                                    |   1|   0|    1|          0|
    |tmp_22_reg_375                                                                    |   1|   0|    1|          0|
    |tmp_23_reg_380                                                                    |   1|   0|    1|          0|
    |tmp_2_reg_275                                                                     |   1|   0|    1|          0|
    |tmp_3_reg_280                                                                     |   1|   0|    1|          0|
    |tmp_4_reg_285                                                                     |   1|   0|    1|          0|
    |tmp_5_reg_290                                                                     |   1|   0|    1|          0|
    |tmp_6_reg_295                                                                     |   1|   0|    1|          0|
    |tmp_7_reg_300                                                                     |   1|   0|    1|          0|
    |tmp_8_reg_305                                                                     |   1|   0|    1|          0|
    |tmp_9_reg_310                                                                     |   1|   0|    1|          0|
    |tmp_reg_265                                                                       |   1|   0|    1|          0|
    +----------------------------------------------------------------------------------+----+----+-----+-----------+
    |Total                                                                             |  41|   0|   41|          0|
    +----------------------------------------------------------------------------------+----+----+-----+-----------+



================================================================
== Interface
================================================================
* Summary: 
+------------------------+-----+-----+------------+----------------------+--------------+
|        RTL Ports       | Dir | Bits|  Protocol  |     Source Object    |    C Type    |
+------------------------+-----+-----+------------+----------------------+--------------+
|s_axi_AXILiteS_AWVALID  |  in |    1|    s_axi   |       AXILiteS       |    scalar    |
|s_axi_AXILiteS_AWREADY  | out |    1|    s_axi   |       AXILiteS       |    scalar    |
|s_axi_AXILiteS_AWADDR   |  in |   11|    s_axi   |       AXILiteS       |    scalar    |
|s_axi_AXILiteS_WVALID   |  in |    1|    s_axi   |       AXILiteS       |    scalar    |
|s_axi_AXILiteS_WREADY   | out |    1|    s_axi   |       AXILiteS       |    scalar    |
|s_axi_AXILiteS_WDATA    |  in |   32|    s_axi   |       AXILiteS       |    scalar    |
|s_axi_AXILiteS_WSTRB    |  in |    4|    s_axi   |       AXILiteS       |    scalar    |
|s_axi_AXILiteS_ARVALID  |  in |    1|    s_axi   |       AXILiteS       |    scalar    |
|s_axi_AXILiteS_ARREADY  | out |    1|    s_axi   |       AXILiteS       |    scalar    |
|s_axi_AXILiteS_ARADDR   |  in |   11|    s_axi   |       AXILiteS       |    scalar    |
|s_axi_AXILiteS_RVALID   | out |    1|    s_axi   |       AXILiteS       |    scalar    |
|s_axi_AXILiteS_RREADY   |  in |    1|    s_axi   |       AXILiteS       |    scalar    |
|s_axi_AXILiteS_RDATA    | out |   32|    s_axi   |       AXILiteS       |    scalar    |
|s_axi_AXILiteS_RRESP    | out |    2|    s_axi   |       AXILiteS       |    scalar    |
|s_axi_AXILiteS_BVALID   | out |    1|    s_axi   |       AXILiteS       |    scalar    |
|s_axi_AXILiteS_BREADY   |  in |    1|    s_axi   |       AXILiteS       |    scalar    |
|s_axi_AXILiteS_BRESP    | out |    2|    s_axi   |       AXILiteS       |    scalar    |
|ap_clk                  |  in |    1| ap_ctrl_hs | acorn128_enc_onebyte | return value |
|ap_rst_n                |  in |    1| ap_ctrl_hs | acorn128_enc_onebyte | return value |
|interrupt               | out |    1| ap_ctrl_hs | acorn128_enc_onebyte | return value |
+------------------------+-----+-----+------------+----------------------+--------------+

============================================================
+ Verbose Summary: Synthesis Manager
============================================================
InlineROM: 1
ExposeGlobal: 0
============================================================
+ Verbose Summary: CDFG Model
============================================================
IsTopModel: 1
ResetActiveHigh: 1
IsCombinational: 2
IsDatapathOnly: 2
HasWiredReturn: 1
HasMFsm: 0
HasVarLatency: 1
IsPipeline: 0
IsRtlPipelined: 0
IsInstanceOverlapped: 0
IsDontTouch: 0
HasImplIP: 0
IsGatedGlobalClock: 0


============================================================
+ Verbose Summary: Schedule
============================================================
* Number of FSM states: 16
* Pipeline: 0
* Dataflow Pipeline: 0

* FSM state transitions: 
1 --> 
	2  / true
2 --> 
	3  / true
3 --> 
	4  / true
4 --> 
	5  / true
5 --> 
	6  / true
6 --> 
	7  / true
7 --> 
	8  / true
8 --> 
	9  / true
9 --> 
	10  / true
10 --> 
	11  / true
11 --> 
	12  / true
12 --> 
	13  / true
13 --> 
	14  / true
14 --> 
	15  / true
15 --> 
	16  / true
16 --> 
* FSM state operations: 

 <State 1>: 3.65ns
ST_1: cbbyte_read [1/1] 1.00ns
:8  %cbbyte_read = call i8 @_ssdm_op_Read.s_axilite.i8(i8 %cbbyte) nounwind

ST_1: cabyte_read [1/1] 1.00ns
:9  %cabyte_read = call i8 @_ssdm_op_Read.s_axilite.i8(i8 %cabyte) nounwind

ST_1: plaintextbyte_read [1/1] 1.00ns
:10  %plaintextbyte_read = call i8 @_ssdm_op_Read.s_axilite.i8(i8 %plaintextbyte) nounwind

ST_1: tmp [1/1] 0.00ns
:19  %tmp = trunc i8 %cabyte_read to i1

ST_1: tmp_1 [1/1] 0.00ns
:20  %tmp_1 = trunc i8 %cbbyte_read to i1

ST_1: tmp_2 [1/1] 0.00ns
:21  %tmp_2 = trunc i8 %plaintextbyte_read to i1

ST_1: stg_23 [2/2] 2.65ns
:22  call fastcc void @acorn128_enc_onebyte_Encrypt_StateUpdate128_1bit([293 x i8]* %state, i1 %tmp_2, i1 %tmp, i1 %tmp_1) nounwind

ST_1: tmp_3 [1/1] 0.00ns
:23  %tmp_3 = call i1 @_ssdm_op_BitSelect.i1.i8.i32(i8 %cabyte_read, i32 1)

ST_1: tmp_4 [1/1] 0.00ns
:24  %tmp_4 = call i1 @_ssdm_op_BitSelect.i1.i8.i32(i8 %cbbyte_read, i32 1)

ST_1: tmp_5 [1/1] 0.00ns
:25  %tmp_5 = call i1 @_ssdm_op_BitSelect.i1.i8.i32(i8 %plaintextbyte_read, i32 1)

ST_1: tmp_6 [1/1] 0.00ns
:27  %tmp_6 = call i1 @_ssdm_op_BitSelect.i1.i8.i32(i8 %cabyte_read, i32 2)

ST_1: tmp_7 [1/1] 0.00ns
:28  %tmp_7 = call i1 @_ssdm_op_BitSelect.i1.i8.i32(i8 %cbbyte_read, i32 2)

ST_1: tmp_8 [1/1] 0.00ns
:29  %tmp_8 = call i1 @_ssdm_op_BitSelect.i1.i8.i32(i8 %plaintextbyte_read, i32 2)

ST_1: tmp_9 [1/1] 0.00ns
:31  %tmp_9 = call i1 @_ssdm_op_BitSelect.i1.i8.i32(i8 %cabyte_read, i32 3)

ST_1: tmp_10 [1/1] 0.00ns
:32  %tmp_10 = call i1 @_ssdm_op_BitSelect.i1.i8.i32(i8 %cbbyte_read, i32 3)

ST_1: tmp_11 [1/1] 0.00ns
:33  %tmp_11 = call i1 @_ssdm_op_BitSelect.i1.i8.i32(i8 %plaintextbyte_read, i32 3)

ST_1: tmp_12 [1/1] 0.00ns
:35  %tmp_12 = call i1 @_ssdm_op_BitSelect.i1.i8.i32(i8 %cabyte_read, i32 4)

ST_1: tmp_13 [1/1] 0.00ns
:36  %tmp_13 = call i1 @_ssdm_op_BitSelect.i1.i8.i32(i8 %cbbyte_read, i32 4)

ST_1: tmp_14 [1/1] 0.00ns
:37  %tmp_14 = call i1 @_ssdm_op_BitSelect.i1.i8.i32(i8 %plaintextbyte_read, i32 4)

ST_1: tmp_15 [1/1] 0.00ns
:39  %tmp_15 = call i1 @_ssdm_op_BitSelect.i1.i8.i32(i8 %cabyte_read, i32 5)

ST_1: tmp_16 [1/1] 0.00ns
:40  %tmp_16 = call i1 @_ssdm_op_BitSelect.i1.i8.i32(i8 %cbbyte_read, i32 5)

ST_1: tmp_17 [1/1] 0.00ns
:41  %tmp_17 = call i1 @_ssdm_op_BitSelect.i1.i8.i32(i8 %plaintextbyte_read, i32 5)

ST_1: tmp_18 [1/1] 0.00ns
:43  %tmp_18 = call i1 @_ssdm_op_BitSelect.i1.i8.i32(i8 %cabyte_read, i32 6)

ST_1: tmp_19 [1/1] 0.00ns
:44  %tmp_19 = call i1 @_ssdm_op_BitSelect.i1.i8.i32(i8 %cbbyte_read, i32 6)

ST_1: tmp_20 [1/1] 0.00ns
:45  %tmp_20 = call i1 @_ssdm_op_BitSelect.i1.i8.i32(i8 %plaintextbyte_read, i32 6)

ST_1: tmp_21 [1/1] 0.00ns
:47  %tmp_21 = call i1 @_ssdm_op_BitSelect.i1.i8.i32(i8 %plaintextbyte_read, i32 7)

ST_1: tmp_22 [1/1] 0.00ns
:48  %tmp_22 = call i1 @_ssdm_op_BitSelect.i1.i8.i32(i8 %cabyte_read, i32 7)

ST_1: tmp_23 [1/1] 0.00ns
:49  %tmp_23 = call i1 @_ssdm_op_BitSelect.i1.i8.i32(i8 %cbbyte_read, i32 7)


 <State 2>: 0.00ns
ST_2: stg_45 [1/2] 0.00ns
:22  call fastcc void @acorn128_enc_onebyte_Encrypt_StateUpdate128_1bit([293 x i8]* %state, i1 %tmp_2, i1 %tmp, i1 %tmp_1) nounwind


 <State 3>: 2.65ns
ST_3: stg_46 [2/2] 2.65ns
:26  call fastcc void @acorn128_enc_onebyte_Encrypt_StateUpdate128_1bit([293 x i8]* %state, i1 %tmp_5, i1 %tmp_3, i1 %tmp_4) nounwind


 <State 4>: 0.00ns
ST_4: stg_47 [1/2] 0.00ns
:26  call fastcc void @acorn128_enc_onebyte_Encrypt_StateUpdate128_1bit([293 x i8]* %state, i1 %tmp_5, i1 %tmp_3, i1 %tmp_4) nounwind


 <State 5>: 2.65ns
ST_5: stg_48 [2/2] 2.65ns
:30  call fastcc void @acorn128_enc_onebyte_Encrypt_StateUpdate128_1bit([293 x i8]* %state, i1 %tmp_8, i1 %tmp_6, i1 %tmp_7) nounwind


 <State 6>: 0.00ns
ST_6: stg_49 [1/2] 0.00ns
:30  call fastcc void @acorn128_enc_onebyte_Encrypt_StateUpdate128_1bit([293 x i8]* %state, i1 %tmp_8, i1 %tmp_6, i1 %tmp_7) nounwind


 <State 7>: 2.65ns
ST_7: stg_50 [2/2] 2.65ns
:34  call fastcc void @acorn128_enc_onebyte_Encrypt_StateUpdate128_1bit([293 x i8]* %state, i1 %tmp_11, i1 %tmp_9, i1 %tmp_10) nounwind


 <State 8>: 0.00ns
ST_8: stg_51 [1/2] 0.00ns
:34  call fastcc void @acorn128_enc_onebyte_Encrypt_StateUpdate128_1bit([293 x i8]* %state, i1 %tmp_11, i1 %tmp_9, i1 %tmp_10) nounwind


 <State 9>: 2.65ns
ST_9: stg_52 [2/2] 2.65ns
:38  call fastcc void @acorn128_enc_onebyte_Encrypt_StateUpdate128_1bit([293 x i8]* %state, i1 %tmp_14, i1 %tmp_12, i1 %tmp_13) nounwind


 <State 10>: 0.00ns
ST_10: stg_53 [1/2] 0.00ns
:38  call fastcc void @acorn128_enc_onebyte_Encrypt_StateUpdate128_1bit([293 x i8]* %state, i1 %tmp_14, i1 %tmp_12, i1 %tmp_13) nounwind


 <State 11>: 2.65ns
ST_11: stg_54 [2/2] 2.65ns
:42  call fastcc void @acorn128_enc_onebyte_Encrypt_StateUpdate128_1bit([293 x i8]* %state, i1 %tmp_17, i1 %tmp_15, i1 %tmp_16) nounwind


 <State 12>: 0.00ns
ST_12: stg_55 [1/2] 0.00ns
:42  call fastcc void @acorn128_enc_onebyte_Encrypt_StateUpdate128_1bit([293 x i8]* %state, i1 %tmp_17, i1 %tmp_15, i1 %tmp_16) nounwind


 <State 13>: 2.65ns
ST_13: stg_56 [2/2] 2.65ns
:46  call fastcc void @acorn128_enc_onebyte_Encrypt_StateUpdate128_1bit([293 x i8]* %state, i1 %tmp_20, i1 %tmp_18, i1 %tmp_19) nounwind


 <State 14>: 0.00ns
ST_14: stg_57 [1/2] 0.00ns
:46  call fastcc void @acorn128_enc_onebyte_Encrypt_StateUpdate128_1bit([293 x i8]* %state, i1 %tmp_20, i1 %tmp_18, i1 %tmp_19) nounwind


 <State 15>: 2.65ns
ST_15: stg_58 [2/2] 2.65ns
:50  call fastcc void @acorn128_enc_onebyte_Encrypt_StateUpdate128_1bit([293 x i8]* %state, i1 %tmp_21, i1 %tmp_22, i1 %tmp_23) nounwind


 <State 16>: 0.00ns
ST_16: stg_59 [1/1] 0.00ns
:0  call void (...)* @_ssdm_op_SpecBitsMap([293 x i8]* %state) nounwind, !map !0

ST_16: stg_60 [1/1] 0.00ns
:1  call void (...)* @_ssdm_op_SpecBitsMap(i8 %plaintextbyte) nounwind, !map !6

ST_16: stg_61 [1/1] 0.00ns
:2  call void (...)* @_ssdm_op_SpecBitsMap(i8 %ciphertextbyte) nounwind, !map !12

ST_16: stg_62 [1/1] 0.00ns
:3  call void (...)* @_ssdm_op_SpecBitsMap(i8 %ksbyte) nounwind, !map !16

ST_16: stg_63 [1/1] 0.00ns
:4  call void (...)* @_ssdm_op_SpecBitsMap(i8 %cabyte) nounwind, !map !20

ST_16: stg_64 [1/1] 0.00ns
:5  call void (...)* @_ssdm_op_SpecBitsMap(i8 %cbbyte) nounwind, !map !24

ST_16: stg_65 [1/1] 0.00ns
:6  call void (...)* @_ssdm_op_SpecBitsMap(i32 0) nounwind, !map !28

ST_16: stg_66 [1/1] 0.00ns
:7  call void (...)* @_ssdm_op_SpecTopModule([21 x i8]* @str) nounwind

ST_16: empty [1/1] 0.00ns
:11  %empty = call i32 (...)* @_ssdm_op_SpecMemCore([293 x i8]* %state, [1 x i8]* @str4, [7 x i8]* @str3, [1 x i8]* @str4, i32 -1, [1 x i8]* @str4, [1 x i8]* @str4, [1 x i8]* @str4) nounwind

ST_16: stg_68 [1/1] 0.00ns
:12  call void (...)* @_ssdm_op_SpecInterface([293 x i8]* %state, [10 x i8]* @p_str, i32 0, i32 0, i32 0, i32 0, [1 x i8]* @p_str1, [1 x i8]* @p_str1, [1 x i8]* @p_str1) nounwind

ST_16: stg_69 [1/1] 0.00ns
:13  call void (...)* @_ssdm_op_SpecInterface(i8 %plaintextbyte, [10 x i8]* @p_str, i32 0, i32 0, i32 0, i32 0, [1 x i8]* @p_str1, [1 x i8]* @p_str1, [1 x i8]* @p_str1) nounwind

ST_16: stg_70 [1/1] 0.00ns
:14  call void (...)* @_ssdm_op_SpecInterface(i8 %ciphertextbyte, [10 x i8]* @p_str, i32 0, i32 0, i32 0, i32 0, [1 x i8]* @p_str1, [1 x i8]* @p_str1, [1 x i8]* @p_str1) nounwind

ST_16: stg_71 [1/1] 0.00ns
:15  call void (...)* @_ssdm_op_SpecInterface(i8 %ksbyte, [10 x i8]* @p_str, i32 0, i32 0, i32 0, i32 0, [1 x i8]* @p_str1, [1 x i8]* @p_str1, [1 x i8]* @p_str1) nounwind

ST_16: stg_72 [1/1] 0.00ns
:16  call void (...)* @_ssdm_op_SpecInterface(i8 %cabyte, [10 x i8]* @p_str, i32 0, i32 0, i32 0, i32 0, [1 x i8]* @p_str1, [1 x i8]* @p_str1, [1 x i8]* @p_str1) nounwind

ST_16: stg_73 [1/1] 0.00ns
:17  call void (...)* @_ssdm_op_SpecInterface(i8 %cbbyte, [10 x i8]* @p_str, i32 0, i32 0, i32 0, i32 0, [1 x i8]* @p_str1, [1 x i8]* @p_str1, [1 x i8]* @p_str1) nounwind

ST_16: stg_74 [1/1] 0.00ns
:18  call void (...)* @_ssdm_op_SpecInterface(i32 0, [10 x i8]* @p_str, i32 0, i32 0, i32 0, i32 0, [1 x i8]* @p_str1, [1 x i8]* @p_str1, [1 x i8]* @p_str1) nounwind

ST_16: stg_75 [1/2] 0.00ns
:50  call fastcc void @acorn128_enc_onebyte_Encrypt_StateUpdate128_1bit([293 x i8]* %state, i1 %tmp_21, i1 %tmp_22, i1 %tmp_23) nounwind

ST_16: stg_76 [1/1] 0.00ns
:51  ret i32 0



============================================================
+ Verbose Summary: Binding
============================================================
STG Binding: 
---------------- STG Properties BEGIN ----------------
- Is combinational: 0
- Is one-state seq: 0
- Is datapath-only: 0
- Is clock enabled: 0
- Is pipelined: 0
- Is top level: 1
Port [ Return ] is wired: 1; IO mode=ap_ctrl_hs:ce=0
Port [ state]:  wired=1; compound=1; hidden=0; nouse=0; global=0; static=0; extern=0; dir=2; type=1; mode=0x1f022db84a0; pingpong=0; private_global=0; MemPort=[2]; IO mode=ap_memory:ce=0
Port [ plaintextbyte]:  wired=1; compound=0; hidden=0; nouse=0; global=0; static=0; extern=0; dir=0; type=0; mode=0x1f022db7a80; pingpong=0; private_global=0; IO mode=ap_none:ce=0
Port [ ciphertextbyte]:  wired=1; compound=0; hidden=0; nouse=1; global=0; static=0; extern=0; dir=0; type=0; mode=0x1f022db78d0; pingpong=0; private_global=0; IO mode=ap_none:ce=0
Port [ ksbyte]:  wired=1; compound=0; hidden=0; nouse=1; global=0; static=0; extern=0; dir=0; type=0; mode=0x1f022db72a0; pingpong=0; private_global=0; IO mode=ap_none:ce=0
Port [ cabyte]:  wired=1; compound=0; hidden=0; nouse=0; global=0; static=0; extern=0; dir=0; type=0; mode=0x1f022db7330; pingpong=0; private_global=0; IO mode=ap_none:ce=0
Port [ cbbyte]:  wired=1; compound=0; hidden=0; nouse=0; global=0; static=0; extern=0; dir=0; type=0; mode=0x1f022db8530; pingpong=0; private_global=0; IO mode=ap_none:ce=0
---------------- STG Properties END ------------------

---------------- Datapath Model BEGIN ----------------

<LifeTime>
<method=bitvector/>
cbbyte_read        (read         ) [ 00000000000000000]
cabyte_read        (read         ) [ 00000000000000000]
plaintextbyte_read (read         ) [ 00000000000000000]
tmp                (trunc        ) [ 00100000000000000]
tmp_1              (trunc        ) [ 00100000000000000]
tmp_2              (trunc        ) [ 00100000000000000]
tmp_3              (bitselect    ) [ 00111000000000000]
tmp_4              (bitselect    ) [ 00111000000000000]
tmp_5              (bitselect    ) [ 00111000000000000]
tmp_6              (bitselect    ) [ 00111110000000000]
tmp_7              (bitselect    ) [ 00111110000000000]
tmp_8              (bitselect    ) [ 00111110000000000]
tmp_9              (bitselect    ) [ 00111111100000000]
tmp_10             (bitselect    ) [ 00111111100000000]
tmp_11             (bitselect    ) [ 00111111100000000]
tmp_12             (bitselect    ) [ 00111111111000000]
tmp_13             (bitselect    ) [ 00111111111000000]
tmp_14             (bitselect    ) [ 00111111111000000]
tmp_15             (bitselect    ) [ 00111111111110000]
tmp_16             (bitselect    ) [ 00111111111110000]
tmp_17             (bitselect    ) [ 00111111111110000]
tmp_18             (bitselect    ) [ 00111111111111100]
tmp_19             (bitselect    ) [ 00111111111111100]
tmp_20             (bitselect    ) [ 00111111111111100]
tmp_21             (bitselect    ) [ 00111111111111111]
tmp_22             (bitselect    ) [ 00111111111111111]
tmp_23             (bitselect    ) [ 00111111111111111]
stg_45             (call         ) [ 00000000000000000]
stg_47             (call         ) [ 00000000000000000]
stg_49             (call         ) [ 00000000000000000]
stg_51             (call         ) [ 00000000000000000]
stg_53             (call         ) [ 00000000000000000]
stg_55             (call         ) [ 00000000000000000]
stg_57             (call         ) [ 00000000000000000]
stg_59             (specbitsmap  ) [ 00000000000000000]
stg_60             (specbitsmap  ) [ 00000000000000000]
stg_61             (specbitsmap  ) [ 00000000000000000]
stg_62             (specbitsmap  ) [ 00000000000000000]
stg_63             (specbitsmap  ) [ 00000000000000000]
stg_64             (specbitsmap  ) [ 00000000000000000]
stg_65             (specbitsmap  ) [ 00000000000000000]
stg_66             (spectopmodule) [ 00000000000000000]
empty              (specmemcore  ) [ 00000000000000000]
stg_68             (specinterface) [ 00000000000000000]
stg_69             (specinterface) [ 00000000000000000]
stg_70             (specinterface) [ 00000000000000000]
stg_71             (specinterface) [ 00000000000000000]
stg_72             (specinterface) [ 00000000000000000]
stg_73             (specinterface) [ 00000000000000000]
stg_74             (specinterface) [ 00000000000000000]
stg_75             (call         ) [ 00000000000000000]
stg_76             (ret          ) [ 00000000000000000]
</LifeTime>

<model>

<comp_list>
<comp id="0" class="1000" name="state">
<pin_list>
<pin id="1" dir="1" index="0" bw="1" slack="0"/>
</pin_list>
<bind>
<StgValue><ssdm name="state"/><MemPortTyVec>2 </MemPortTyVec>
</StgValue>
</bind>
</comp>

<comp id="2" class="1000" name="plaintextbyte">
<pin_list>
<pin id="3" dir="1" index="0" bw="1" slack="0"/>
</pin_list>
<bind>
<StgValue><ssdm name="plaintextbyte"/></StgValue>
</bind>
</comp>

<comp id="4" class="1000" name="ciphertextbyte">
<pin_list>
<pin id="5" dir="1" index="0" bw="1" slack="2147483647"/>
</pin_list>
<bind>
<StgValue><ssdm name="ciphertextbyte"/></StgValue>
</bind>
</comp>

<comp id="6" class="1000" name="ksbyte">
<pin_list>
<pin id="7" dir="1" index="0" bw="1" slack="2147483647"/>
</pin_list>
<bind>
<StgValue><ssdm name="ksbyte"/></StgValue>
</bind>
</comp>

<comp id="8" class="1000" name="cabyte">
<pin_list>
<pin id="9" dir="1" index="0" bw="1" slack="0"/>
</pin_list>
<bind>
<StgValue><ssdm name="cabyte"/></StgValue>
</bind>
</comp>

<comp id="10" class="1000" name="cbbyte">
<pin_list>
<pin id="11" dir="1" index="0" bw="1" slack="0"/>
</pin_list>
<bind>
<StgValue><ssdm name="cbbyte"/></StgValue>
</bind>
</comp>

<comp id="12" class="1001" name="const_12">
<pin_list>
<pin id="13" dir="1" index="0" bw="1" slack="0"/>
</pin_list>
<bind>
<StgValue><ssdm name="_ssdm_op_Read.s_axilite.i8"/></StgValue>
</bind>
</comp>

<comp id="14" class="1001" name="const_14">
<pin_list>
<pin id="15" dir="1" index="0" bw="1" slack="0"/>
</pin_list>
<bind>
<StgValue><ssdm name="acorn128_enc_onebyte_Encrypt_StateUpdate128_1bit"/></StgValue>
</bind>
</comp>

<comp id="16" class="1001" name="const_16">
<pin_list>
<pin id="17" dir="1" index="0" bw="1" slack="0"/>
</pin_list>
<bind>
<StgValue><ssdm name="_ssdm_op_BitSelect.i1.i8.i32"/></StgValue>
</bind>
</comp>

<comp id="18" class="1001" name="const_18">
<pin_list>
<pin id="19" dir="1" index="0" bw="1" slack="0"/>
</pin_list>
<bind>
<StgValue><ssdm name=""/></StgValue>
</bind>
</comp>

<comp id="20" class="1001" name="const_20">
<pin_list>
<pin id="21" dir="1" index="0" bw="1" slack="0"/>
</pin_list>
<bind>
<StgValue><ssdm name=""/></StgValue>
</bind>
</comp>

<comp id="22" class="1001" name="const_22">
<pin_list>
<pin id="23" dir="1" index="0" bw="1" slack="0"/>
</pin_list>
<bind>
<StgValue><ssdm name=""/></StgValue>
</bind>
</comp>

<comp id="24" class="1001" name="const_24">
<pin_list>
<pin id="25" dir="1" index="0" bw="1" slack="0"/>
</pin_list>
<bind>
<StgValue><ssdm name=""/></StgValue>
</bind>
</comp>

<comp id="26" class="1001" name="const_26">
<pin_list>
<pin id="27" dir="1" index="0" bw="1" slack="0"/>
</pin_list>
<bind>
<StgValue><ssdm name=""/></StgValue>
</bind>
</comp>

<comp id="28" class="1001" name="const_28">
<pin_list>
<pin id="29" dir="1" index="0" bw="1" slack="0"/>
</pin_list>
<bind>
<StgValue><ssdm name=""/></StgValue>
</bind>
</comp>

<comp id="30" class="1001" name="const_30">
<pin_list>
<pin id="31" dir="1" index="0" bw="1" slack="0"/>
</pin_list>
<bind>
<StgValue><ssdm name=""/></StgValue>
</bind>
</comp>

<comp id="32" class="1001" name="const_32">
<pin_list>
<pin id="33" dir="1" index="0" bw="1" slack="2147483647"/>
</pin_list>
<bind>
<StgValue><ssdm name="_ssdm_op_SpecBitsMap"/></StgValue>
</bind>
</comp>

<comp id="34" class="1001" name="const_34">
<pin_list>
<pin id="35" dir="1" index="0" bw="1" slack="2147483647"/>
</pin_list>
<bind>
<StgValue><ssdm name=""/></StgValue>
</bind>
</comp>

<comp id="36" class="1001" name="const_36">
<pin_list>
<pin id="37" dir="1" index="0" bw="1" slack="2147483647"/>
</pin_list>
<bind>
<StgValue><ssdm name="_ssdm_op_SpecTopModule"/></StgValue>
</bind>
</comp>

<comp id="38" class="1001" name="const_38">
<pin_list>
<pin id="39" dir="1" index="0" bw="1" slack="2147483647"/>
</pin_list>
<bind>
<StgValue><ssdm name="str"/></StgValue>
</bind>
</comp>

<comp id="40" class="1001" name="const_40">
<pin_list>
<pin id="41" dir="1" index="0" bw="1" slack="2147483647"/>
</pin_list>
<bind>
<StgValue><ssdm name="_ssdm_op_SpecMemCore"/></StgValue>
</bind>
</comp>

<comp id="42" class="1001" name="const_42">
<pin_list>
<pin id="43" dir="1" index="0" bw="1" slack="2147483647"/>
</pin_list>
<bind>
<StgValue><ssdm name="str4"/></StgValue>
</bind>
</comp>

<comp id="44" class="1001" name="const_44">
<pin_list>
<pin id="45" dir="1" index="0" bw="1" slack="2147483647"/>
</pin_list>
<bind>
<StgValue><ssdm name="str3"/></StgValue>
</bind>
</comp>

<comp id="46" class="1001" name="const_46">
<pin_list>
<pin id="47" dir="1" index="0" bw="1" slack="2147483647"/>
</pin_list>
<bind>
<StgValue><ssdm name=""/></StgValue>
</bind>
</comp>

<comp id="48" class="1001" name="const_48">
<pin_list>
<pin id="49" dir="1" index="0" bw="1" slack="2147483647"/>
</pin_list>
<bind>
<StgValue><ssdm name="_ssdm_op_SpecInterface"/></StgValue>
</bind>
</comp>

<comp id="50" class="1001" name="const_50">
<pin_list>
<pin id="51" dir="1" index="0" bw="1" slack="2147483647"/>
</pin_list>
<bind>
<StgValue><ssdm name="p_str"/></StgValue>
</bind>
</comp>

<comp id="52" class="1001" name="const_52">
<pin_list>
<pin id="53" dir="1" index="0" bw="1" slack="2147483647"/>
</pin_list>
<bind>
<StgValue><ssdm name="p_str1"/></StgValue>
</bind>
</comp>

<comp id="54" class="1004" name="cbbyte_read_read_fu_54">
<pin_list>
<pin id="55" dir="0" index="0" bw="8" slack="0"/>
<pin id="56" dir="0" index="1" bw="8" slack="0"/>
<pin id="57" dir="1" index="2" bw="8" slack="0"/>
</pin_list>
<bind>
<opcode="read(1150) " fcode="read"/>
<opset="cbbyte_read/1 "/>
</bind>
</comp>

<comp id="60" class="1004" name="cabyte_read_read_fu_60">
<pin_list>
<pin id="61" dir="0" index="0" bw="8" slack="0"/>
<pin id="62" dir="0" index="1" bw="8" slack="0"/>
<pin id="63" dir="1" index="2" bw="8" slack="0"/>
</pin_list>
<bind>
<opcode="read(1150) " fcode="read"/>
<opset="cabyte_read/1 "/>
</bind>
</comp>

<comp id="66" class="1004" name="plaintextbyte_read_read_fu_66">
<pin_list>
<pin id="67" dir="0" index="0" bw="8" slack="0"/>
<pin id="68" dir="0" index="1" bw="8" slack="0"/>
<pin id="69" dir="1" index="2" bw="8" slack="0"/>
</pin_list>
<bind>
<opcode="read(1150) " fcode="read"/>
<opset="plaintextbyte_read/1 "/>
</bind>
</comp>

<comp id="73" class="1004" name="grp_acorn128_enc_onebyte_Encrypt_StateUpdate128_1bit_fu_73">
<pin_list>
<pin id="74" dir="0" index="0" bw="0" slack="0"/>
<pin id="75" dir="0" index="1" bw="8" slack="0"/>
<pin id="76" dir="0" index="2" bw="1" slack="0"/>
<pin id="77" dir="0" index="3" bw="1" slack="0"/>
<pin id="78" dir="0" index="4" bw="1" slack="0"/>
<pin id="79" dir="1" index="5" bw="0" slack="2147483647"/>
</pin_list>
<bind>
<opcode="call(48) " fcode="call"/>
<opset="stg_23/1 stg_46/3 stg_48/5 stg_50/7 stg_52/9 stg_54/11 stg_56/13 stg_58/15 "/>
</bind>
</comp>

<comp id="82" class="1004" name="tmp_fu_82">
<pin_list>
<pin id="83" dir="0" index="0" bw="8" slack="0"/>
<pin id="84" dir="1" index="1" bw="1" slack="0"/>
</pin_list>
<bind>
<opcode="trunc(33) " fcode="trunc"/>
<opset="tmp/1 "/>
</bind>
</comp>

<comp id="87" class="1004" name="tmp_1_fu_87">
<pin_list>
<pin id="88" dir="0" index="0" bw="8" slack="0"/>
<pin id="89" dir="1" index="1" bw="1" slack="0"/>
</pin_list>
<bind>
<opcode="trunc(33) " fcode="trunc"/>
<opset="tmp_1/1 "/>
</bind>
</comp>

<comp id="92" class="1004" name="tmp_2_fu_92">
<pin_list>
<pin id="93" dir="0" index="0" bw="8" slack="0"/>
<pin id="94" dir="1" index="1" bw="1" slack="0"/>
</pin_list>
<bind>
<opcode="trunc(33) " fcode="trunc"/>
<opset="tmp_2/1 "/>
</bind>
</comp>

<comp id="97" class="1004" name="tmp_3_fu_97">
<pin_list>
<pin id="98" dir="0" index="0" bw="1" slack="0"/>
<pin id="99" dir="0" index="1" bw="8" slack="0"/>
<pin id="100" dir="0" index="2" bw="1" slack="0"/>
<pin id="101" dir="1" index="3" bw="1" slack="2"/>
</pin_list>
<bind>
<opcode="bitselect(1000) " fcode="bitselect"/>
<opset="tmp_3/1 "/>
</bind>
</comp>

<comp id="105" class="1004" name="tmp_4_fu_105">
<pin_list>
<pin id="106" dir="0" index="0" bw="1" slack="0"/>
<pin id="107" dir="0" index="1" bw="8" slack="0"/>
<pin id="108" dir="0" index="2" bw="1" slack="0"/>
<pin id="109" dir="1" index="3" bw="1" slack="2"/>
</pin_list>
<bind>
<opcode="bitselect(1000) " fcode="bitselect"/>
<opset="tmp_4/1 "/>
</bind>
</comp>

<comp id="113" class="1004" name="tmp_5_fu_113">
<pin_list>
<pin id="114" dir="0" index="0" bw="1" slack="0"/>
<pin id="115" dir="0" index="1" bw="8" slack="0"/>
<pin id="116" dir="0" index="2" bw="1" slack="0"/>
<pin id="117" dir="1" index="3" bw="1" slack="2"/>
</pin_list>
<bind>
<opcode="bitselect(1000) " fcode="bitselect"/>
<opset="tmp_5/1 "/>
</bind>
</comp>

<comp id="121" class="1004" name="tmp_6_fu_121">
<pin_list>
<pin id="122" dir="0" index="0" bw="1" slack="0"/>
<pin id="123" dir="0" index="1" bw="8" slack="0"/>
<pin id="124" dir="0" index="2" bw="3" slack="0"/>
<pin id="125" dir="1" index="3" bw="1" slack="4"/>
</pin_list>
<bind>
<opcode="bitselect(1000) " fcode="bitselect"/>
<opset="tmp_6/1 "/>
</bind>
</comp>

<comp id="129" class="1004" name="tmp_7_fu_129">
<pin_list>
<pin id="130" dir="0" index="0" bw="1" slack="0"/>
<pin id="131" dir="0" index="1" bw="8" slack="0"/>
<pin id="132" dir="0" index="2" bw="3" slack="0"/>
<pin id="133" dir="1" index="3" bw="1" slack="4"/>
</pin_list>
<bind>
<opcode="bitselect(1000) " fcode="bitselect"/>
<opset="tmp_7/1 "/>
</bind>
</comp>

<comp id="137" class="1004" name="tmp_8_fu_137">
<pin_list>
<pin id="138" dir="0" index="0" bw="1" slack="0"/>
<pin id="139" dir="0" index="1" bw="8" slack="0"/>
<pin id="140" dir="0" index="2" bw="3" slack="0"/>
<pin id="141" dir="1" index="3" bw="1" slack="4"/>
</pin_list>
<bind>
<opcode="bitselect(1000) " fcode="bitselect"/>
<opset="tmp_8/1 "/>
</bind>
</comp>

<comp id="145" class="1004" name="tmp_9_fu_145">
<pin_list>
<pin id="146" dir="0" index="0" bw="1" slack="0"/>
<pin id="147" dir="0" index="1" bw="8" slack="0"/>
<pin id="148" dir="0" index="2" bw="3" slack="0"/>
<pin id="149" dir="1" index="3" bw="1" slack="6"/>
</pin_list>
<bind>
<opcode="bitselect(1000) " fcode="bitselect"/>
<opset="tmp_9/1 "/>
</bind>
</comp>

<comp id="153" class="1004" name="tmp_10_fu_153">
<pin_list>
<pin id="154" dir="0" index="0" bw="1" slack="0"/>
<pin id="155" dir="0" index="1" bw="8" slack="0"/>
<pin id="156" dir="0" index="2" bw="3" slack="0"/>
<pin id="157" dir="1" index="3" bw="1" slack="6"/>
</pin_list>
<bind>
<opcode="bitselect(1000) " fcode="bitselect"/>
<opset="tmp_10/1 "/>
</bind>
</comp>

<comp id="161" class="1004" name="tmp_11_fu_161">
<pin_list>
<pin id="162" dir="0" index="0" bw="1" slack="0"/>
<pin id="163" dir="0" index="1" bw="8" slack="0"/>
<pin id="164" dir="0" index="2" bw="3" slack="0"/>
<pin id="165" dir="1" index="3" bw="1" slack="6"/>
</pin_list>
<bind>
<opcode="bitselect(1000) " fcode="bitselect"/>
<opset="tmp_11/1 "/>
</bind>
</comp>

<comp id="169" class="1004" name="tmp_12_fu_169">
<pin_list>
<pin id="170" dir="0" index="0" bw="1" slack="0"/>
<pin id="171" dir="0" index="1" bw="8" slack="0"/>
<pin id="172" dir="0" index="2" bw="4" slack="0"/>
<pin id="173" dir="1" index="3" bw="1" slack="8"/>
</pin_list>
<bind>
<opcode="bitselect(1000) " fcode="bitselect"/>
<opset="tmp_12/1 "/>
</bind>
</comp>

<comp id="177" class="1004" name="tmp_13_fu_177">
<pin_list>
<pin id="178" dir="0" index="0" bw="1" slack="0"/>
<pin id="179" dir="0" index="1" bw="8" slack="0"/>
<pin id="180" dir="0" index="2" bw="4" slack="0"/>
<pin id="181" dir="1" index="3" bw="1" slack="8"/>
</pin_list>
<bind>
<opcode="bitselect(1000) " fcode="bitselect"/>
<opset="tmp_13/1 "/>
</bind>
</comp>

<comp id="185" class="1004" name="tmp_14_fu_185">
<pin_list>
<pin id="186" dir="0" index="0" bw="1" slack="0"/>
<pin id="187" dir="0" index="1" bw="8" slack="0"/>
<pin id="188" dir="0" index="2" bw="4" slack="0"/>
<pin id="189" dir="1" index="3" bw="1" slack="8"/>
</pin_list>
<bind>
<opcode="bitselect(1000) " fcode="bitselect"/>
<opset="tmp_14/1 "/>
</bind>
</comp>

<comp id="193" class="1004" name="tmp_15_fu_193">
<pin_list>
<pin id="194" dir="0" index="0" bw="1" slack="0"/>
<pin id="195" dir="0" index="1" bw="8" slack="0"/>
<pin id="196" dir="0" index="2" bw="4" slack="0"/>
<pin id="197" dir="1" index="3" bw="1" slack="10"/>
</pin_list>
<bind>
<opcode="bitselect(1000) " fcode="bitselect"/>
<opset="tmp_15/1 "/>
</bind>
</comp>

<comp id="201" class="1004" name="tmp_16_fu_201">
<pin_list>
<pin id="202" dir="0" index="0" bw="1" slack="0"/>
<pin id="203" dir="0" index="1" bw="8" slack="0"/>
<pin id="204" dir="0" index="2" bw="4" slack="0"/>
<pin id="205" dir="1" index="3" bw="1" slack="10"/>
</pin_list>
<bind>
<opcode="bitselect(1000) " fcode="bitselect"/>
<opset="tmp_16/1 "/>
</bind>
</comp>

<comp id="209" class="1004" name="tmp_17_fu_209">
<pin_list>
<pin id="210" dir="0" index="0" bw="1" slack="0"/>
<pin id="211" dir="0" index="1" bw="8" slack="0"/>
<pin id="212" dir="0" index="2" bw="4" slack="0"/>
<pin id="213" dir="1" index="3" bw="1" slack="10"/>
</pin_list>
<bind>
<opcode="bitselect(1000) " fcode="bitselect"/>
<opset="tmp_17/1 "/>
</bind>
</comp>

<comp id="217" class="1004" name="tmp_18_fu_217">
<pin_list>
<pin id="218" dir="0" index="0" bw="1" slack="0"/>
<pin id="219" dir="0" index="1" bw="8" slack="0"/>
<pin id="220" dir="0" index="2" bw="4" slack="0"/>
<pin id="221" dir="1" index="3" bw="1" slack="12"/>
</pin_list>
<bind>
<opcode="bitselect(1000) " fcode="bitselect"/>
<opset="tmp_18/1 "/>
</bind>
</comp>

<comp id="225" class="1004" name="tmp_19_fu_225">
<pin_list>
<pin id="226" dir="0" index="0" bw="1" slack="0"/>
<pin id="227" dir="0" index="1" bw="8" slack="0"/>
<pin id="228" dir="0" index="2" bw="4" slack="0"/>
<pin id="229" dir="1" index="3" bw="1" slack="12"/>
</pin_list>
<bind>
<opcode="bitselect(1000) " fcode="bitselect"/>
<opset="tmp_19/1 "/>
</bind>
</comp>

<comp id="233" class="1004" name="tmp_20_fu_233">
<pin_list>
<pin id="234" dir="0" index="0" bw="1" slack="0"/>
<pin id="235" dir="0" index="1" bw="8" slack="0"/>
<pin id="236" dir="0" index="2" bw="4" slack="0"/>
<pin id="237" dir="1" index="3" bw="1" slack="12"/>
</pin_list>
<bind>
<opcode="bitselect(1000) " fcode="bitselect"/>
<opset="tmp_20/1 "/>
</bind>
</comp>

<comp id="241" class="1004" name="tmp_21_fu_241">
<pin_list>
<pin id="242" dir="0" index="0" bw="1" slack="0"/>
<pin id="243" dir="0" index="1" bw="8" slack="0"/>
<pin id="244" dir="0" index="2" bw="4" slack="0"/>
<pin id="245" dir="1" index="3" bw="1" slack="14"/>
</pin_list>
<bind>
<opcode="bitselect(1000) " fcode="bitselect"/>
<opset="tmp_21/1 "/>
</bind>
</comp>

<comp id="249" class="1004" name="tmp_22_fu_249">
<pin_list>
<pin id="250" dir="0" index="0" bw="1" slack="0"/>
<pin id="251" dir="0" index="1" bw="8" slack="0"/>
<pin id="252" dir="0" index="2" bw="4" slack="0"/>
<pin id="253" dir="1" index="3" bw="1" slack="14"/>
</pin_list>
<bind>
<opcode="bitselect(1000) " fcode="bitselect"/>
<opset="tmp_22/1 "/>
</bind>
</comp>

<comp id="257" class="1004" name="tmp_23_fu_257">
<pin_list>
<pin id="258" dir="0" index="0" bw="1" slack="0"/>
<pin id="259" dir="0" index="1" bw="8" slack="0"/>
<pin id="260" dir="0" index="2" bw="4" slack="0"/>
<pin id="261" dir="1" index="3" bw="1" slack="14"/>
</pin_list>
<bind>
<opcode="bitselect(1000) " fcode="bitselect"/>
<opset="tmp_23/1 "/>
</bind>
</comp>

<comp id="265" class="1005" name="tmp_reg_265">
<pin_list>
<pin id="266" dir="0" index="0" bw="1" slack="1"/>
<pin id="267" dir="1" index="1" bw="1" slack="1"/>
</pin_list>
<bind>
<opset="tmp "/>
</bind>
</comp>

<comp id="270" class="1005" name="tmp_1_reg_270">
<pin_list>
<pin id="271" dir="0" index="0" bw="1" slack="1"/>
<pin id="272" dir="1" index="1" bw="1" slack="1"/>
</pin_list>
<bind>
<opset="tmp_1 "/>
</bind>
</comp>

<comp id="275" class="1005" name="tmp_2_reg_275">
<pin_list>
<pin id="276" dir="0" index="0" bw="1" slack="1"/>
<pin id="277" dir="1" index="1" bw="1" slack="1"/>
</pin_list>
<bind>
<opset="tmp_2 "/>
</bind>
</comp>

<comp id="280" class="1005" name="tmp_3_reg_280">
<pin_list>
<pin id="281" dir="0" index="0" bw="1" slack="2"/>
<pin id="282" dir="1" index="1" bw="1" slack="2"/>
</pin_list>
<bind>
<opset="tmp_3 "/>
</bind>
</comp>

<comp id="285" class="1005" name="tmp_4_reg_285">
<pin_list>
<pin id="286" dir="0" index="0" bw="1" slack="2"/>
<pin id="287" dir="1" index="1" bw="1" slack="2"/>
</pin_list>
<bind>
<opset="tmp_4 "/>
</bind>
</comp>

<comp id="290" class="1005" name="tmp_5_reg_290">
<pin_list>
<pin id="291" dir="0" index="0" bw="1" slack="2"/>
<pin id="292" dir="1" index="1" bw="1" slack="2"/>
</pin_list>
<bind>
<opset="tmp_5 "/>
</bind>
</comp>

<comp id="295" class="1005" name="tmp_6_reg_295">
<pin_list>
<pin id="296" dir="0" index="0" bw="1" slack="4"/>
<pin id="297" dir="1" index="1" bw="1" slack="4"/>
</pin_list>
<bind>
<opset="tmp_6 "/>
</bind>
</comp>

<comp id="300" class="1005" name="tmp_7_reg_300">
<pin_list>
<pin id="301" dir="0" index="0" bw="1" slack="4"/>
<pin id="302" dir="1" index="1" bw="1" slack="4"/>
</pin_list>
<bind>
<opset="tmp_7 "/>
</bind>
</comp>

<comp id="305" class="1005" name="tmp_8_reg_305">
<pin_list>
<pin id="306" dir="0" index="0" bw="1" slack="4"/>
<pin id="307" dir="1" index="1" bw="1" slack="4"/>
</pin_list>
<bind>
<opset="tmp_8 "/>
</bind>
</comp>

<comp id="310" class="1005" name="tmp_9_reg_310">
<pin_list>
<pin id="311" dir="0" index="0" bw="1" slack="6"/>
<pin id="312" dir="1" index="1" bw="1" slack="6"/>
</pin_list>
<bind>
<opset="tmp_9 "/>
</bind>
</comp>

<comp id="315" class="1005" name="tmp_10_reg_315">
<pin_list>
<pin id="316" dir="0" index="0" bw="1" slack="6"/>
<pin id="317" dir="1" index="1" bw="1" slack="6"/>
</pin_list>
<bind>
<opset="tmp_10 "/>
</bind>
</comp>

<comp id="320" class="1005" name="tmp_11_reg_320">
<pin_list>
<pin id="321" dir="0" index="0" bw="1" slack="6"/>
<pin id="322" dir="1" index="1" bw="1" slack="6"/>
</pin_list>
<bind>
<opset="tmp_11 "/>
</bind>
</comp>

<comp id="325" class="1005" name="tmp_12_reg_325">
<pin_list>
<pin id="326" dir="0" index="0" bw="1" slack="8"/>
<pin id="327" dir="1" index="1" bw="1" slack="8"/>
</pin_list>
<bind>
<opset="tmp_12 "/>
</bind>
</comp>

<comp id="330" class="1005" name="tmp_13_reg_330">
<pin_list>
<pin id="331" dir="0" index="0" bw="1" slack="8"/>
<pin id="332" dir="1" index="1" bw="1" slack="8"/>
</pin_list>
<bind>
<opset="tmp_13 "/>
</bind>
</comp>

<comp id="335" class="1005" name="tmp_14_reg_335">
<pin_list>
<pin id="336" dir="0" index="0" bw="1" slack="8"/>
<pin id="337" dir="1" index="1" bw="1" slack="8"/>
</pin_list>
<bind>
<opset="tmp_14 "/>
</bind>
</comp>

<comp id="340" class="1005" name="tmp_15_reg_340">
<pin_list>
<pin id="341" dir="0" index="0" bw="1" slack="10"/>
<pin id="342" dir="1" index="1" bw="1" slack="10"/>
</pin_list>
<bind>
<opset="tmp_15 "/>
</bind>
</comp>

<comp id="345" class="1005" name="tmp_16_reg_345">
<pin_list>
<pin id="346" dir="0" index="0" bw="1" slack="10"/>
<pin id="347" dir="1" index="1" bw="1" slack="10"/>
</pin_list>
<bind>
<opset="tmp_16 "/>
</bind>
</comp>

<comp id="350" class="1005" name="tmp_17_reg_350">
<pin_list>
<pin id="351" dir="0" index="0" bw="1" slack="10"/>
<pin id="352" dir="1" index="1" bw="1" slack="10"/>
</pin_list>
<bind>
<opset="tmp_17 "/>
</bind>
</comp>

<comp id="355" class="1005" name="tmp_18_reg_355">
<pin_list>
<pin id="356" dir="0" index="0" bw="1" slack="12"/>
<pin id="357" dir="1" index="1" bw="1" slack="12"/>
</pin_list>
<bind>
<opset="tmp_18 "/>
</bind>
</comp>

<comp id="360" class="1005" name="tmp_19_reg_360">
<pin_list>
<pin id="361" dir="0" index="0" bw="1" slack="12"/>
<pin id="362" dir="1" index="1" bw="1" slack="12"/>
</pin_list>
<bind>
<opset="tmp_19 "/>
</bind>
</comp>

<comp id="365" class="1005" name="tmp_20_reg_365">
<pin_list>
<pin id="366" dir="0" index="0" bw="1" slack="12"/>
<pin id="367" dir="1" index="1" bw="1" slack="12"/>
</pin_list>
<bind>
<opset="tmp_20 "/>
</bind>
</comp>

<comp id="370" class="1005" name="tmp_21_reg_370">
<pin_list>
<pin id="371" dir="0" index="0" bw="1" slack="14"/>
<pin id="372" dir="1" index="1" bw="1" slack="14"/>
</pin_list>
<bind>
<opset="tmp_21 "/>
</bind>
</comp>

<comp id="375" class="1005" name="tmp_22_reg_375">
<pin_list>
<pin id="376" dir="0" index="0" bw="1" slack="14"/>
<pin id="377" dir="1" index="1" bw="1" slack="14"/>
</pin_list>
<bind>
<opset="tmp_22 "/>
</bind>
</comp>

<comp id="380" class="1005" name="tmp_23_reg_380">
<pin_list>
<pin id="381" dir="0" index="0" bw="1" slack="14"/>
<pin id="382" dir="1" index="1" bw="1" slack="14"/>
</pin_list>
<bind>
<opset="tmp_23 "/>
</bind>
</comp>

</comp_list>

<net_list>
<net id="58"><net_src comp="12" pin="0"/><net_sink comp="54" pin=0"/></net>

<net id="59"><net_src comp="10" pin="0"/><net_sink comp="54" pin=1"/></net>

<net id="64"><net_src comp="12" pin="0"/><net_sink comp="60" pin=0"/></net>

<net id="65"><net_src comp="8" pin="0"/><net_sink comp="60" pin=1"/></net>

<net id="70"><net_src comp="12" pin="0"/><net_sink comp="66" pin=0"/></net>

<net id="71"><net_src comp="2" pin="0"/><net_sink comp="66" pin=1"/></net>

<net id="80"><net_src comp="14" pin="0"/><net_sink comp="73" pin=0"/></net>

<net id="81"><net_src comp="0" pin="0"/><net_sink comp="73" pin=1"/></net>

<net id="85"><net_src comp="60" pin="2"/><net_sink comp="82" pin=0"/></net>

<net id="86"><net_src comp="82" pin="1"/><net_sink comp="73" pin=3"/></net>

<net id="90"><net_src comp="54" pin="2"/><net_sink comp="87" pin=0"/></net>

<net id="91"><net_src comp="87" pin="1"/><net_sink comp="73" pin=4"/></net>

<net id="95"><net_src comp="66" pin="2"/><net_sink comp="92" pin=0"/></net>

<net id="96"><net_src comp="92" pin="1"/><net_sink comp="73" pin=2"/></net>

<net id="102"><net_src comp="16" pin="0"/><net_sink comp="97" pin=0"/></net>

<net id="103"><net_src comp="60" pin="2"/><net_sink comp="97" pin=1"/></net>

<net id="104"><net_src comp="18" pin="0"/><net_sink comp="97" pin=2"/></net>

<net id="110"><net_src comp="16" pin="0"/><net_sink comp="105" pin=0"/></net>

<net id="111"><net_src comp="54" pin="2"/><net_sink comp="105" pin=1"/></net>

<net id="112"><net_src comp="18" pin="0"/><net_sink comp="105" pin=2"/></net>

<net id="118"><net_src comp="16" pin="0"/><net_sink comp="113" pin=0"/></net>

<net id="119"><net_src comp="66" pin="2"/><net_sink comp="113" pin=1"/></net>

<net id="120"><net_src comp="18" pin="0"/><net_sink comp="113" pin=2"/></net>

<net id="126"><net_src comp="16" pin="0"/><net_sink comp="121" pin=0"/></net>

<net id="127"><net_src comp="60" pin="2"/><net_sink comp="121" pin=1"/></net>

<net id="128"><net_src comp="20" pin="0"/><net_sink comp="121" pin=2"/></net>

<net id="134"><net_src comp="16" pin="0"/><net_sink comp="129" pin=0"/></net>

<net id="135"><net_src comp="54" pin="2"/><net_sink comp="129" pin=1"/></net>

<net id="136"><net_src comp="20" pin="0"/><net_sink comp="129" pin=2"/></net>

<net id="142"><net_src comp="16" pin="0"/><net_sink comp="137" pin=0"/></net>

<net id="143"><net_src comp="66" pin="2"/><net_sink comp="137" pin=1"/></net>

<net id="144"><net_src comp="20" pin="0"/><net_sink comp="137" pin=2"/></net>

<net id="150"><net_src comp="16" pin="0"/><net_sink comp="145" pin=0"/></net>

<net id="151"><net_src comp="60" pin="2"/><net_sink comp="145" pin=1"/></net>

<net id="152"><net_src comp="22" pin="0"/><net_sink comp="145" pin=2"/></net>

<net id="158"><net_src comp="16" pin="0"/><net_sink comp="153" pin=0"/></net>

<net id="159"><net_src comp="54" pin="2"/><net_sink comp="153" pin=1"/></net>

<net id="160"><net_src comp="22" pin="0"/><net_sink comp="153" pin=2"/></net>

<net id="166"><net_src comp="16" pin="0"/><net_sink comp="161" pin=0"/></net>

<net id="167"><net_src comp="66" pin="2"/><net_sink comp="161" pin=1"/></net>

<net id="168"><net_src comp="22" pin="0"/><net_sink comp="161" pin=2"/></net>

<net id="174"><net_src comp="16" pin="0"/><net_sink comp="169" pin=0"/></net>

<net id="175"><net_src comp="60" pin="2"/><net_sink comp="169" pin=1"/></net>

<net id="176"><net_src comp="24" pin="0"/><net_sink comp="169" pin=2"/></net>

<net id="182"><net_src comp="16" pin="0"/><net_sink comp="177" pin=0"/></net>

<net id="183"><net_src comp="54" pin="2"/><net_sink comp="177" pin=1"/></net>

<net id="184"><net_src comp="24" pin="0"/><net_sink comp="177" pin=2"/></net>

<net id="190"><net_src comp="16" pin="0"/><net_sink comp="185" pin=0"/></net>

<net id="191"><net_src comp="66" pin="2"/><net_sink comp="185" pin=1"/></net>

<net id="192"><net_src comp="24" pin="0"/><net_sink comp="185" pin=2"/></net>

<net id="198"><net_src comp="16" pin="0"/><net_sink comp="193" pin=0"/></net>

<net id="199"><net_src comp="60" pin="2"/><net_sink comp="193" pin=1"/></net>

<net id="200"><net_src comp="26" pin="0"/><net_sink comp="193" pin=2"/></net>

<net id="206"><net_src comp="16" pin="0"/><net_sink comp="201" pin=0"/></net>

<net id="207"><net_src comp="54" pin="2"/><net_sink comp="201" pin=1"/></net>

<net id="208"><net_src comp="26" pin="0"/><net_sink comp="201" pin=2"/></net>

<net id="214"><net_src comp="16" pin="0"/><net_sink comp="209" pin=0"/></net>

<net id="215"><net_src comp="66" pin="2"/><net_sink comp="209" pin=1"/></net>

<net id="216"><net_src comp="26" pin="0"/><net_sink comp="209" pin=2"/></net>

<net id="222"><net_src comp="16" pin="0"/><net_sink comp="217" pin=0"/></net>

<net id="223"><net_src comp="60" pin="2"/><net_sink comp="217" pin=1"/></net>

<net id="224"><net_src comp="28" pin="0"/><net_sink comp="217" pin=2"/></net>

<net id="230"><net_src comp="16" pin="0"/><net_sink comp="225" pin=0"/></net>

<net id="231"><net_src comp="54" pin="2"/><net_sink comp="225" pin=1"/></net>

<net id="232"><net_src comp="28" pin="0"/><net_sink comp="225" pin=2"/></net>

<net id="238"><net_src comp="16" pin="0"/><net_sink comp="233" pin=0"/></net>

<net id="239"><net_src comp="66" pin="2"/><net_sink comp="233" pin=1"/></net>

<net id="240"><net_src comp="28" pin="0"/><net_sink comp="233" pin=2"/></net>

<net id="246"><net_src comp="16" pin="0"/><net_sink comp="241" pin=0"/></net>

<net id="247"><net_src comp="66" pin="2"/><net_sink comp="241" pin=1"/></net>

<net id="248"><net_src comp="30" pin="0"/><net_sink comp="241" pin=2"/></net>

<net id="254"><net_src comp="16" pin="0"/><net_sink comp="249" pin=0"/></net>

<net id="255"><net_src comp="60" pin="2"/><net_sink comp="249" pin=1"/></net>

<net id="256"><net_src comp="30" pin="0"/><net_sink comp="249" pin=2"/></net>

<net id="262"><net_src comp="16" pin="0"/><net_sink comp="257" pin=0"/></net>

<net id="263"><net_src comp="54" pin="2"/><net_sink comp="257" pin=1"/></net>

<net id="264"><net_src comp="30" pin="0"/><net_sink comp="257" pin=2"/></net>

<net id="268"><net_src comp="82" pin="1"/><net_sink comp="265" pin=0"/></net>

<net id="269"><net_src comp="265" pin="1"/><net_sink comp="73" pin=3"/></net>

<net id="273"><net_src comp="87" pin="1"/><net_sink comp="270" pin=0"/></net>

<net id="274"><net_src comp="270" pin="1"/><net_sink comp="73" pin=4"/></net>

<net id="278"><net_src comp="92" pin="1"/><net_sink comp="275" pin=0"/></net>

<net id="279"><net_src comp="275" pin="1"/><net_sink comp="73" pin=2"/></net>

<net id="283"><net_src comp="97" pin="3"/><net_sink comp="280" pin=0"/></net>

<net id="284"><net_src comp="280" pin="1"/><net_sink comp="73" pin=3"/></net>

<net id="288"><net_src comp="105" pin="3"/><net_sink comp="285" pin=0"/></net>

<net id="289"><net_src comp="285" pin="1"/><net_sink comp="73" pin=4"/></net>

<net id="293"><net_src comp="113" pin="3"/><net_sink comp="290" pin=0"/></net>

<net id="294"><net_src comp="290" pin="1"/><net_sink comp="73" pin=2"/></net>

<net id="298"><net_src comp="121" pin="3"/><net_sink comp="295" pin=0"/></net>

<net id="299"><net_src comp="295" pin="1"/><net_sink comp="73" pin=3"/></net>

<net id="303"><net_src comp="129" pin="3"/><net_sink comp="300" pin=0"/></net>

<net id="304"><net_src comp="300" pin="1"/><net_sink comp="73" pin=4"/></net>

<net id="308"><net_src comp="137" pin="3"/><net_sink comp="305" pin=0"/></net>

<net id="309"><net_src comp="305" pin="1"/><net_sink comp="73" pin=2"/></net>

<net id="313"><net_src comp="145" pin="3"/><net_sink comp="310" pin=0"/></net>

<net id="314"><net_src comp="310" pin="1"/><net_sink comp="73" pin=3"/></net>

<net id="318"><net_src comp="153" pin="3"/><net_sink comp="315" pin=0"/></net>

<net id="319"><net_src comp="315" pin="1"/><net_sink comp="73" pin=4"/></net>

<net id="323"><net_src comp="161" pin="3"/><net_sink comp="320" pin=0"/></net>

<net id="324"><net_src comp="320" pin="1"/><net_sink comp="73" pin=2"/></net>

<net id="328"><net_src comp="169" pin="3"/><net_sink comp="325" pin=0"/></net>

<net id="329"><net_src comp="325" pin="1"/><net_sink comp="73" pin=3"/></net>

<net id="333"><net_src comp="177" pin="3"/><net_sink comp="330" pin=0"/></net>

<net id="334"><net_src comp="330" pin="1"/><net_sink comp="73" pin=4"/></net>

<net id="338"><net_src comp="185" pin="3"/><net_sink comp="335" pin=0"/></net>

<net id="339"><net_src comp="335" pin="1"/><net_sink comp="73" pin=2"/></net>

<net id="343"><net_src comp="193" pin="3"/><net_sink comp="340" pin=0"/></net>

<net id="344"><net_src comp="340" pin="1"/><net_sink comp="73" pin=3"/></net>

<net id="348"><net_src comp="201" pin="3"/><net_sink comp="345" pin=0"/></net>

<net id="349"><net_src comp="345" pin="1"/><net_sink comp="73" pin=4"/></net>

<net id="353"><net_src comp="209" pin="3"/><net_sink comp="350" pin=0"/></net>

<net id="354"><net_src comp="350" pin="1"/><net_sink comp="73" pin=2"/></net>

<net id="358"><net_src comp="217" pin="3"/><net_sink comp="355" pin=0"/></net>

<net id="359"><net_src comp="355" pin="1"/><net_sink comp="73" pin=3"/></net>

<net id="363"><net_src comp="225" pin="3"/><net_sink comp="360" pin=0"/></net>

<net id="364"><net_src comp="360" pin="1"/><net_sink comp="73" pin=4"/></net>

<net id="368"><net_src comp="233" pin="3"/><net_sink comp="365" pin=0"/></net>

<net id="369"><net_src comp="365" pin="1"/><net_sink comp="73" pin=2"/></net>

<net id="373"><net_src comp="241" pin="3"/><net_sink comp="370" pin=0"/></net>

<net id="374"><net_src comp="370" pin="1"/><net_sink comp="73" pin=2"/></net>

<net id="378"><net_src comp="249" pin="3"/><net_sink comp="375" pin=0"/></net>

<net id="379"><net_src comp="375" pin="1"/><net_sink comp="73" pin=3"/></net>

<net id="383"><net_src comp="257" pin="3"/><net_sink comp="380" pin=0"/></net>

<net id="384"><net_src comp="380" pin="1"/><net_sink comp="73" pin=4"/></net>

</net_list>

</model> 
---------------- Datapath Model END ------------------

* FSMD analyzer results:
  - Output states:
  - Chain level:
	State 1
		stg_23 : 1
	State 2
	State 3
	State 4
	State 5
	State 6
	State 7
	State 8
	State 9
	State 10
	State 11
	State 12
	State 13
	State 14
	State 15
	State 16


============================================================
+ Verbose Summary: Datapath Resource usage 
============================================================

* Functional unit list:
|----------|------------------------------------------------------------|---------|---------|---------|
| Operation|                       Functional Unit                      |  Delay  |    FF   |   LUT   |
|----------|------------------------------------------------------------|---------|---------|---------|
|   call   | grp_acorn128_enc_onebyte_Encrypt_StateUpdate128_1bit_fu_73 |  6.881  |   284   |   293   |
|----------|------------------------------------------------------------|---------|---------|---------|
|          |                   cbbyte_read_read_fu_54                   |    0    |    0    |    0    |
|   read   |                   cabyte_read_read_fu_60                   |    0    |    0    |    0    |
|          |                plaintextbyte_read_read_fu_66               |    0    |    0    |    0    |
|----------|------------------------------------------------------------|---------|---------|---------|
|          |                          tmp_fu_82                         |    0    |    0    |    0    |
|   trunc  |                         tmp_1_fu_87                        |    0    |    0    |    0    |
|          |                         tmp_2_fu_92                        |    0    |    0    |    0    |
|----------|------------------------------------------------------------|---------|---------|---------|
|          |                         tmp_3_fu_97                        |    0    |    0    |    0    |
|          |                        tmp_4_fu_105                        |    0    |    0    |    0    |
|          |                        tmp_5_fu_113                        |    0    |    0    |    0    |
|          |                        tmp_6_fu_121                        |    0    |    0    |    0    |
|          |                        tmp_7_fu_129                        |    0    |    0    |    0    |
|          |                        tmp_8_fu_137                        |    0    |    0    |    0    |
|          |                        tmp_9_fu_145                        |    0    |    0    |    0    |
|          |                        tmp_10_fu_153                       |    0    |    0    |    0    |
|          |                        tmp_11_fu_161                       |    0    |    0    |    0    |
|          |                        tmp_12_fu_169                       |    0    |    0    |    0    |
| bitselect|                        tmp_13_fu_177                       |    0    |    0    |    0    |
|          |                        tmp_14_fu_185                       |    0    |    0    |    0    |
|          |                        tmp_15_fu_193                       |    0    |    0    |    0    |
|          |                        tmp_16_fu_201                       |    0    |    0    |    0    |
|          |                        tmp_17_fu_209                       |    0    |    0    |    0    |
|          |                        tmp_18_fu_217                       |    0    |    0    |    0    |
|          |                        tmp_19_fu_225                       |    0    |    0    |    0    |
|          |                        tmp_20_fu_233                       |    0    |    0    |    0    |
|          |                        tmp_21_fu_241                       |    0    |    0    |    0    |
|          |                        tmp_22_fu_249                       |    0    |    0    |    0    |
|          |                        tmp_23_fu_257                       |    0    |    0    |    0    |
|----------|------------------------------------------------------------|---------|---------|---------|
|   Total  |                                                            |  6.881  |   284   |   293   |
|----------|------------------------------------------------------------|---------|---------|---------|

Memories:
N/A

* Register list:
+--------------+--------+
|              |   FF   |
+--------------+--------+
|tmp_10_reg_315|    1   |
|tmp_11_reg_320|    1   |
|tmp_12_reg_325|    1   |
|tmp_13_reg_330|    1   |
|tmp_14_reg_335|    1   |
|tmp_15_reg_340|    1   |
|tmp_16_reg_345|    1   |
|tmp_17_reg_350|    1   |
|tmp_18_reg_355|    1   |
|tmp_19_reg_360|    1   |
| tmp_1_reg_270|    1   |
|tmp_20_reg_365|    1   |
|tmp_21_reg_370|    1   |
|tmp_22_reg_375|    1   |
|tmp_23_reg_380|    1   |
| tmp_2_reg_275|    1   |
| tmp_3_reg_280|    1   |
| tmp_4_reg_285|    1   |
| tmp_5_reg_290|    1   |
| tmp_6_reg_295|    1   |
| tmp_7_reg_300|    1   |
| tmp_8_reg_305|    1   |
| tmp_9_reg_310|    1   |
|  tmp_reg_265 |    1   |
+--------------+--------+
|     Total    |   24   |
+--------------+--------+

* Multiplexer (MUX) list: 
|------------------------------------------------------------|------|------|------|--------||---------||---------|
|                            Comp                            |  Pin | Size |  BW  | S x BW ||  Delay  ||   LUT   |
|------------------------------------------------------------|------|------|------|--------||---------||---------|
| grp_acorn128_enc_onebyte_Encrypt_StateUpdate128_1bit_fu_73 |  p2  |   9  |   1  |    9   ||    4    |
| grp_acorn128_enc_onebyte_Encrypt_StateUpdate128_1bit_fu_73 |  p3  |   9  |   1  |    9   ||    4    |
| grp_acorn128_enc_onebyte_Encrypt_StateUpdate128_1bit_fu_73 |  p4  |   9  |   1  |    9   ||    4    |
|------------------------------------------------------------|------|------|------|--------||---------||---------|
|                            Total                           |      |      |      |   27   ||  6.705  ||    12   |
|------------------------------------------------------------|------|------|------|--------||---------||---------|



* Summary:
+-----------+--------+--------+--------+
|           |  Delay |   FF   |   LUT  |
+-----------+--------+--------+--------+
|  Function |    6   |   284  |   293  |
|   Memory  |    -   |    -   |    -   |
|Multiplexer|    6   |    -   |   12   |
|  Register |    -   |   24   |    -   |
+-----------+--------+--------+--------+
|   Total   |   13   |   308  |   305  |
+-----------+--------+--------+--------+
