

================================================================
== Vivado HLS Report for 'acorn128_enc_onebyte_Encrypt_StateUpdate128_1bit'
================================================================
* Date:           Mon May 13 02:31:05 2019

* Version:        2014.4 (Build 1071461 on Tue Nov 18 16:42:57 PM 2014)
* Project:        soc_proj_hls_deneme_1
* Solution:       solution1
* Product family: zynq
* Target device:  xc7z020clg484-1


================================================================
== Performance Estimates
================================================================
+ Timing (ns): 
    * Summary: 
    +---------+-------+----------+------------+
    |  Clock  | Target| Estimated| Uncertainty|
    +---------+-------+----------+------------+
    |default  |  10.00|      8.22|        1.25|
    +---------+-------+----------+------------+

+ Latency (clock cycles): 
    * Summary: 
    +-----+-----+-----+-----+---------+
    |  Latency  |  Interval | Pipeline|
    | min | max | min | max |   Type  |
    +-----+-----+-----+-----+---------+
    |  605|  605|  605|  605|   none  |
    +-----+-----+-----+-----+---------+

    + Detail: 
        * Instance: 
        N/A

        * Loop: 
        +----------+-----+-----+----------+-----------+-----------+------+----------+
        |          |  Latency  | Iteration|  Initiation Interval  | Trip |          |
        | Loop Name| min | max |  Latency |  achieved |   target  | Count| Pipelined|
        +----------+-----+-----+----------+-----------+-----------+------+----------+
        |- Loop 1  |  584|  584|         2|          -|          -|   292|    no    |
        +----------+-----+-----+----------+-----------+-----------+------+----------+



================================================================
== Utilization Estimates
================================================================
* Summary: 
+-----------------+---------+-------+--------+-------+
|       Name      | BRAM_18K| DSP48E|   FF   |  LUT  |
+-----------------+---------+-------+--------+-------+
|Expression       |        -|      -|       0|    180|
|FIFO             |        -|      -|       -|      -|
|Instance         |        -|      -|       -|      -|
|Memory           |        -|      -|       -|      -|
|Multiplexer      |        -|      -|       -|    109|
|Register         |        -|      -|     162|      -|
+-----------------+---------+-------+--------+-------+
|Total            |        0|      0|     162|    289|
+-----------------+---------+-------+--------+-------+
|Available        |      280|    220|  106400|  53200|
+-----------------+---------+-------+--------+-------+
|Utilization (%)  |        0|      0|   ~0   |   ~0  |
+-----------------+---------+-------+--------+-------+

+ Detail: 
    * Instance: 
    N/A

    * Memory: 
    N/A

    * FIFO: 
    N/A

    * Expression: 
    +-----------------------+----------+-------+---+----+------------+------------+
    |     Variable Name     | Operation| DSP48E| FF| LUT| Bitwidth P0| Bitwidth P1|
    +-----------------------+----------+-------+---+----+------------+------------+
    |j_1_fu_466_p2          |     +    |      0|  0|   9|           9|           1|
    |tmp_1_i_fu_450_p2      |    and   |      0|  0|   1|           1|           1|
    |tmp_1_i_i_fu_438_p2    |    and   |      0|  0|   8|           8|           8|
    |tmp_1_i_i_i_fu_399_p2  |    and   |      0|  0|   1|           1|           1|
    |tmp_2_i_fu_455_p2      |    and   |      0|  0|   1|           1|           1|
    |tmp_2_i_i_fu_444_p2    |    and   |      0|  0|   8|           8|           8|
    |tmp_2_i_i_i_fu_404_p2  |    and   |      0|  0|   1|           1|           1|
    |tmp_5_i_i_i_fu_346_p2  |    and   |      0|  0|   1|           1|           1|
    |tmp_i9_i_i_fu_337_p2   |    and   |      0|  0|   1|           1|           1|
    |exitcond_fu_460_p2     |   icmp   |      0|  0|   9|           9|           9|
    |grp_fu_272_p2          |    xor   |      0|  0|   8|           8|           8|
    |tmp10_fu_477_p2        |    xor   |      0|  0|   8|           8|           8|
    |tmp11_fu_486_p2        |    xor   |      0|  0|   8|           8|           8|
    |tmp12_fu_482_p2        |    xor   |      0|  0|   8|           8|           8|
    |tmp13_fu_492_p2        |    xor   |      0|  0|   1|           1|           1|
    |tmp14_fu_501_p2        |    xor   |      0|  0|   1|           1|           1|
    |tmp15_fu_496_p2        |    xor   |      0|  0|   2|           1|           2|
    |tmp2_fu_291_p2         |    xor   |      0|  0|   8|           8|           8|
    |tmp3_fu_311_p2         |    xor   |      0|  0|   8|           8|           8|
    |tmp4_fu_317_p2         |    xor   |      0|  0|   8|           8|           8|
    |tmp6_fu_373_p2         |    xor   |      0|  0|   8|           8|           8|
    |tmp7_fu_416_p2         |    xor   |      0|  0|   1|           1|           1|
    |tmp8_fu_410_p2         |    xor   |      0|  0|   1|           1|           1|
    |tmp9_fu_421_p2         |    xor   |      0|  0|   1|           1|           1|
    |tmp_3_fu_323_p2        |    xor   |      0|  0|   8|           8|           8|
    |tmp_4_fu_511_p2        |    xor   |      0|  0|   8|           8|           8|
    |tmp_4_i_i_i_fu_341_p2  |    xor   |      0|  0|   2|           1|           2|
    |tmp_5_fu_358_p2        |    xor   |      0|  0|   8|           8|           8|
    |tmp_fu_352_p2          |    xor   |      0|  0|   1|           1|           1|
    |tmp_i_i_2_fu_432_p2    |    xor   |      0|  0|   8|           8|           8|
    |tmp_i_i_fu_426_p2      |    xor   |      0|  0|   1|           1|           1|
    |tmp_i_i_i_fu_393_p2    |    xor   |      0|  0|   1|           1|           1|
    |tmp_s_fu_286_p2        |    xor   |      0|  0|   8|           8|           8|
    |x_assign_1_fu_297_p2   |    xor   |      0|  0|   8|           8|           8|
    |y_assign_fu_379_p2     |    xor   |      0|  0|   8|           8|           8|
    |z_assign_fu_364_p2     |    xor   |      0|  0|   8|           8|           8|
    +-----------------------+----------+-------+---+----+------------+------------+
    |Total                  |          |      0|  0| 180|         178|         172|
    +-----------------------+----------+-------+---+----+------------+------------+

    * Multiplexer: 
    +----------------+----+-----------+-----+-----------+
    |      Name      | LUT| Input Size| Bits| Total Bits|
    +----------------+----+-----------+-----+-----------+
    |ap_NS_fsm       |  21|         24|    1|         24|
    |j_reg_243       |   9|          2|    9|         18|
    |state_address0  |  63|         25|    9|        225|
    |state_d0        |  16|          9|    8|         72|
    +----------------+----+-----------+-----+-----------+
    |Total           | 109|         60|   27|        339|
    +----------------+----+-----------+-----+-----------+

    * Register: 
    +-----------------------+----+----+-----+-----------+
    |          Name         | FF | LUT| Bits| Const Bits|
    +-----------------------+----+----+-----+-----------+
    |ap_CS_fsm              |  23|   0|   23|          0|
    |j_1_reg_703            |   9|   0|    9|          0|
    |j_reg_243              |   9|   0|    9|          0|
    |reg_256                |   8|   0|    8|          0|
    |reg_260                |   8|   0|    8|          0|
    |reg_264                |   8|   0|    8|          0|
    |reg_268                |   8|   0|    8|          0|
    |state_addr_11_reg_624  |   0|   0|    9|          9|
    |state_addr_2_reg_533   |   0|   0|    9|          9|
    |state_addr_3_reg_538   |   0|   0|    9|          9|
    |state_addr_5_reg_558   |   0|   0|    9|          9|
    |state_addr_7_reg_584   |   0|   0|    9|          9|
    |state_addr_9_reg_599   |   0|   0|    9|          9|
    |tmp1_reg_543           |   8|   0|    8|          0|
    |tmp3_reg_604           |   8|   0|    8|          0|
    |tmp_1_i_i_reg_675      |   8|   0|    8|          0|
    |tmp_1_i_reg_690        |   1|   0|    1|          0|
    |tmp_24_reg_528         |   1|   0|    1|          0|
    |tmp_25_reg_553         |   1|   0|    1|          0|
    |tmp_26_reg_573         |   1|   0|    1|          0|
    |tmp_28_reg_594         |   1|   0|    1|          0|
    |tmp_29_reg_614         |   1|   0|    1|          0|
    |tmp_2_i_i_reg_680      |   8|   0|    8|          0|
    |tmp_2_i_reg_695        |   1|   0|    1|          0|
    |tmp_3_reg_609          |   8|   0|    8|          0|
    |tmp_5_reg_634          |   8|   0|    8|          0|
    |tmp_i_i_reg_665        |   1|   0|    1|          0|
    |tmp_reg_629            |   1|   0|    1|          0|
    |tmp_s_reg_563          |   8|   0|    8|          0|
    |x_assign_1_reg_568     |   8|   0|    8|          0|
    |y_assign_reg_660       |   8|   0|    8|          0|
    |z_assign_reg_655       |   8|   0|    8|          0|
    +-----------------------+----+----+-----+-----------+
    |Total                  | 162|   0|  216|         54|
    +-----------------------+----+----+-----+-----------+



================================================================
== Interface
================================================================
* Summary: 
+----------------+-----+-----+------------+--------------------------------------------------+--------------+
|    RTL Ports   | Dir | Bits|  Protocol  |                   Source Object                  |    C Type    |
+----------------+-----+-----+------------+--------------------------------------------------+--------------+
|ap_clk          |  in |    1| ap_ctrl_hs | acorn128_enc_onebyte_Encrypt_StateUpdate128_1bit | return value |
|ap_rst          |  in |    1| ap_ctrl_hs | acorn128_enc_onebyte_Encrypt_StateUpdate128_1bit | return value |
|ap_start        |  in |    1| ap_ctrl_hs | acorn128_enc_onebyte_Encrypt_StateUpdate128_1bit | return value |
|ap_done         | out |    1| ap_ctrl_hs | acorn128_enc_onebyte_Encrypt_StateUpdate128_1bit | return value |
|ap_idle         | out |    1| ap_ctrl_hs | acorn128_enc_onebyte_Encrypt_StateUpdate128_1bit | return value |
|ap_ready        | out |    1| ap_ctrl_hs | acorn128_enc_onebyte_Encrypt_StateUpdate128_1bit | return value |
|state_address0  | out |    9|  ap_memory |                       state                      |     array    |
|state_ce0       | out |    1|  ap_memory |                       state                      |     array    |
|state_we0       | out |    1|  ap_memory |                       state                      |     array    |
|state_d0        | out |    8|  ap_memory |                       state                      |     array    |
|state_q0        |  in |    8|  ap_memory |                       state                      |     array    |
|plaintextbit    |  in |    1|   ap_none  |                   plaintextbit                   |    scalar    |
|ca              |  in |    1|   ap_none  |                        ca                        |    scalar    |
|cb              |  in |    1|   ap_none  |                        cb                        |    scalar    |
+----------------+-----+-----+------------+--------------------------------------------------+--------------+

