

================================================================
== Vivado HLS Report for 'acorn128_enc_onebyte'
================================================================
* Date:           Mon May 13 02:31:05 2019

* Version:        2014.4 (Build 1071461 on Tue Nov 18 16:42:57 PM 2014)
* Project:        soc_proj_hls_deneme_1
* Solution:       solution1
* Product family: zynq
* Target device:  xc7z020clg484-1


================================================================
== Performance Estimates
================================================================
+ Timing (ns): 
    * Summary: 
    +---------+-------+----------+------------+
    |  Clock  | Target| Estimated| Uncertainty|
    +---------+-------+----------+------------+
    |default  |  10.00|      8.22|        1.25|
    +---------+-------+----------+------------+

+ Latency (clock cycles): 
    * Summary: 
    +------+------+------+------+---------+
    |   Latency   |   Interval  | Pipeline|
    |  min |  max |  min |  max |   Type  |
    +------+------+------+------+---------+
    |  4855|  4855|  4856|  4856|   none  |
    +------+------+------+------+---------+

    + Detail: 
        * Instance: 
        +------------------------------------------------------------+--------------------------------------------------+-----+-----+-----+-----+---------+
        |                                                            |                                                  |  Latency  |  Interval | Pipeline|
        |                          Instance                          |                      Module                      | min | max | min | max |   Type  |
        +------------------------------------------------------------+--------------------------------------------------+-----+-----+-----+-----+---------+
        |grp_acorn128_enc_onebyte_Encrypt_StateUpdate128_1bit_fu_73  |acorn128_enc_onebyte_Encrypt_StateUpdate128_1bit  |  605|  605|  605|  605|   none  |
        +------------------------------------------------------------+--------------------------------------------------+-----+-----+-----+-----+---------+

        * Loop: 
        N/A



================================================================
== Utilization Estimates
================================================================
* Summary: 
+-----------------+---------+-------+--------+-------+
|       Name      | BRAM_18K| DSP48E|   FF   |  LUT  |
+-----------------+---------+-------+--------+-------+
|Expression       |        -|      -|       -|      -|
|FIFO             |        -|      -|       -|      -|
|Instance         |        2|      -|     380|    543|
|Memory           |        -|      -|       -|      -|
|Multiplexer      |        -|      -|       -|     29|
|Register         |        -|      -|      41|      -|
+-----------------+---------+-------+--------+-------+
|Total            |        2|      0|     421|    572|
+-----------------+---------+-------+--------+-------+
|Available        |      280|    220|  106400|  53200|
+-----------------+---------+-------+--------+-------+
|Utilization (%)  |    ~0   |      0|   ~0   |      1|
+-----------------+---------+-------+--------+-------+

+ Detail: 
    * Instance: 
    +------------------------------------------------------------+--------------------------------------------------+---------+-------+-----+-----+
    |                          Instance                          |                      Module                      | BRAM_18K| DSP48E|  FF | LUT |
    +------------------------------------------------------------+--------------------------------------------------+---------+-------+-----+-----+
    |acorn128_enc_onebyte_AXILiteS_s_axi_U                       |acorn128_enc_onebyte_AXILiteS_s_axi               |        2|      0|  218|  254|
    |grp_acorn128_enc_onebyte_Encrypt_StateUpdate128_1bit_fu_73  |acorn128_enc_onebyte_Encrypt_StateUpdate128_1bit  |        0|      0|  162|  289|
    +------------------------------------------------------------+--------------------------------------------------+---------+-------+-----+-----+
    |Total                                                       |                                                  |        2|      0|  380|  543|
    +------------------------------------------------------------+--------------------------------------------------+---------+-------+-----+-----+

    * Memory: 
    N/A

    * FIFO: 
    N/A

    * Expression: 
    N/A

    * Multiplexer: 
    +-------------------------------------------------------------------------+----+-----------+-----+-----------+
    |                                   Name                                  | LUT| Input Size| Bits| Total Bits|
    +-------------------------------------------------------------------------+----+-----------+-----+-----------+
    |ap_NS_fsm                                                                |  15|         17|    1|         17|
    |grp_acorn128_enc_onebyte_Encrypt_StateUpdate128_1bit_fu_73_ca            |   4|          9|    1|          9|
    |grp_acorn128_enc_onebyte_Encrypt_StateUpdate128_1bit_fu_73_cb            |   4|          9|    1|          9|
    |grp_acorn128_enc_onebyte_Encrypt_StateUpdate128_1bit_fu_73_plaintextbit  |   4|          9|    1|          9|
    |state_ce0                                                                |   1|          2|    1|          2|
    |state_we0                                                                |   1|          2|    1|          2|
    +-------------------------------------------------------------------------+----+-----------+-----+-----------+
    |Total                                                                    |  29|         48|    6|         48|
    +-------------------------------------------------------------------------+----+-----------+-----+-----------+

    * Register: 
    +----------------------------------------------------------------------------------+----+----+-----+-----------+
    |                                       Name                                       | FF | LUT| Bits| Const Bits|
    +----------------------------------------------------------------------------------+----+----+-----+-----------+
    |ap_CS_fsm                                                                         |  16|   0|   16|          0|
    |grp_acorn128_enc_onebyte_Encrypt_StateUpdate128_1bit_fu_73_ap_start_ap_start_reg  |   1|   0|    1|          0|
    |tmp_10_reg_315                                                                    |   1|   0|    1|          0|
    |tmp_11_reg_320                                                                    |   1|   0|    1|          0|
    |tmp_12_reg_325                                                                    |   1|   0|    1|          0|
    |tmp_13_reg_330                                                                    |   1|   0|    1|          0|
    |tmp_14_reg_335                                                                    |   1|   0|    1|          0|
    |tmp_15_reg_340                                                                    |   1|   0|    1|          0|
    |tmp_16_reg_345                                                                    |   1|   0|    1|          0|
    |tmp_17_reg_350                                                                    |   1|   0|    1|          0|
    |tmp_18_reg_355                                                                    |   1|   0|    1|          0|
    |tmp_19_reg_360                                                                    |   1|   0|    1|          0|
    |tmp_1_reg_270                                                                     |   1|   0|    1|          0|
    |tmp_20_reg_365                                                                    |   1|   0|    1|          0|
    |tmp_21_reg_370                                                                    |   1|   0|    1|          0|
    |tmp_22_reg_375                                                                    |   1|   0|    1|          0|
    |tmp_23_reg_380                                                                    |   1|   0|    1|          0|
    |tmp_2_reg_275                                                                     |   1|   0|    1|          0|
    |tmp_3_reg_280                                                                     |   1|   0|    1|          0|
    |tmp_4_reg_285                                                                     |   1|   0|    1|          0|
    |tmp_5_reg_290                                                                     |   1|   0|    1|          0|
    |tmp_6_reg_295                                                                     |   1|   0|    1|          0|
    |tmp_7_reg_300                                                                     |   1|   0|    1|          0|
    |tmp_8_reg_305                                                                     |   1|   0|    1|          0|
    |tmp_9_reg_310                                                                     |   1|   0|    1|          0|
    |tmp_reg_265                                                                       |   1|   0|    1|          0|
    +----------------------------------------------------------------------------------+----+----+-----+-----------+
    |Total                                                                             |  41|   0|   41|          0|
    +----------------------------------------------------------------------------------+----+----+-----+-----------+



================================================================
== Interface
================================================================
* Summary: 
+------------------------+-----+-----+------------+----------------------+--------------+
|        RTL Ports       | Dir | Bits|  Protocol  |     Source Object    |    C Type    |
+------------------------+-----+-----+------------+----------------------+--------------+
|s_axi_AXILiteS_AWVALID  |  in |    1|    s_axi   |       AXILiteS       |    scalar    |
|s_axi_AXILiteS_AWREADY  | out |    1|    s_axi   |       AXILiteS       |    scalar    |
|s_axi_AXILiteS_AWADDR   |  in |   11|    s_axi   |       AXILiteS       |    scalar    |
|s_axi_AXILiteS_WVALID   |  in |    1|    s_axi   |       AXILiteS       |    scalar    |
|s_axi_AXILiteS_WREADY   | out |    1|    s_axi   |       AXILiteS       |    scalar    |
|s_axi_AXILiteS_WDATA    |  in |   32|    s_axi   |       AXILiteS       |    scalar    |
|s_axi_AXILiteS_WSTRB    |  in |    4|    s_axi   |       AXILiteS       |    scalar    |
|s_axi_AXILiteS_ARVALID  |  in |    1|    s_axi   |       AXILiteS       |    scalar    |
|s_axi_AXILiteS_ARREADY  | out |    1|    s_axi   |       AXILiteS       |    scalar    |
|s_axi_AXILiteS_ARADDR   |  in |   11|    s_axi   |       AXILiteS       |    scalar    |
|s_axi_AXILiteS_RVALID   | out |    1|    s_axi   |       AXILiteS       |    scalar    |
|s_axi_AXILiteS_RREADY   |  in |    1|    s_axi   |       AXILiteS       |    scalar    |
|s_axi_AXILiteS_RDATA    | out |   32|    s_axi   |       AXILiteS       |    scalar    |
|s_axi_AXILiteS_RRESP    | out |    2|    s_axi   |       AXILiteS       |    scalar    |
|s_axi_AXILiteS_BVALID   | out |    1|    s_axi   |       AXILiteS       |    scalar    |
|s_axi_AXILiteS_BREADY   |  in |    1|    s_axi   |       AXILiteS       |    scalar    |
|s_axi_AXILiteS_BRESP    | out |    2|    s_axi   |       AXILiteS       |    scalar    |
|ap_clk                  |  in |    1| ap_ctrl_hs | acorn128_enc_onebyte | return value |
|ap_rst_n                |  in |    1| ap_ctrl_hs | acorn128_enc_onebyte | return value |
|interrupt               | out |    1| ap_ctrl_hs | acorn128_enc_onebyte | return value |
+------------------------+-----+-----+------------+----------------------+--------------+

